[0m18:13:23.196367 [debug] [MainThread]: Sending event: {'category': 'dbt', 'action': 'invocation', 'label': 'start', 'context': [<snowplow_tracker.self_describing_json.SelfDescribingJson object at 0x7fe9d7a6ae40>, <snowplow_tracker.self_describing_json.SelfDescribingJson object at 0x7fe9d7bd3110>, <snowplow_tracker.self_describing_json.SelfDescribingJson object at 0x7fe9d8477ad0>]}


============================== 18:13:23.201685 | 1f520bfa-3700-4fc8-91fb-2f2dcd47a23b ==============================
[0m18:13:23.201685 [info ] [MainThread]: Running with dbt=1.9.3
[0m18:13:23.202383 [debug] [MainThread]: running dbt with arguments {'printer_width': '80', 'indirect_selection': 'eager', 'log_cache_events': 'False', 'write_json': 'True', 'partial_parse': 'True', 'cache_selected_only': 'False', 'profiles_dir': '/home/codespace/.dbt', 'debug': 'False', 'warn_error': 'None', 'log_path': 'logs', 'version_check': 'True', 'fail_fast': 'False', 'use_colors': 'True', 'use_experimental_parser': 'False', 'empty': 'None', 'quiet': 'False', 'no_print': 'None', 'warn_error_options': 'WarnErrorOptions(include=[], exclude=[])', 'static_parser': 'True', 'invocation_command': 'dbt init churn-analytics-platform', 'introspect': 'True', 'target_path': 'None', 'log_format': 'default', 'send_anonymous_usage_stats': 'True'}
[0m18:13:23.215252 [warn ] [MainThread]: [ConfigFolderDirectory]: Unable to parse logging event dictionary. Failed to parse dir field: expected string or bytes-like object, got 'PosixPath'.. Dictionary: {'dir': PosixPath('/home/codespace/.dbt')}
[0m18:13:23.215793 [info ] [MainThread]: Creating dbt configuration folder at 
[0m18:16:37.927284 [error] [MainThread]: Encountered an error:

[0m18:16:37.932538 [error] [MainThread]: Traceback (most recent call last):
  File "/usr/local/python/3.12.1/lib/python3.12/site-packages/dbt/cli/requires.py", line 153, in wrapper
    result, success = func(*args, **kwargs)
                      ^^^^^^^^^^^^^^^^^^^^^
  File "/usr/local/python/3.12.1/lib/python3.12/site-packages/dbt/cli/requires.py", line 103, in wrapper
    return func(*args, **kwargs)
           ^^^^^^^^^^^^^^^^^^^^^
  File "/usr/local/python/3.12.1/lib/python3.12/site-packages/dbt/cli/main.py", line 477, in init
    results = task.run()
              ^^^^^^^^^^
  File "/usr/local/python/3.12.1/lib/python3.12/site-packages/dbt/task/init.py", line 324, in run
    project_name = self.get_valid_project_name()
                   ^^^^^^^^^^^^^^^^^^^^^^^^^^^^^
  File "/usr/local/python/3.12.1/lib/python3.12/site-packages/dbt/task/init.py", line 278, in get_valid_project_name
    name = click.prompt("Enter a name for your project (letters, digits, underscore)")
           ^^^^^^^^^^^^^^^^^^^^^^^^^^^^^^^^^^^^^^^^^^^^^^^^^^^^^^^^^^^^^^^^^^^^^^^^^^^
  File "/usr/local/python/3.12.1/lib/python3.12/site-packages/click/termui.py", line 164, in prompt
    value = prompt_func(prompt)
            ^^^^^^^^^^^^^^^^^^^
  File "/usr/local/python/3.12.1/lib/python3.12/site-packages/click/termui.py", line 147, in prompt_func
    raise Abort() from None
click.exceptions.Abort

[0m18:16:37.934527 [debug] [MainThread]: Resource report: {"command_name": "init", "command_success": false, "command_wall_clock_time": 194.7926, "process_in_blocks": "62152", "process_kernel_time": 0.238132, "process_mem_max_rss": "94520", "process_out_blocks": "16", "process_user_time": 1.493645}
[0m18:16:37.935459 [debug] [MainThread]: Command `dbt init` failed at 18:16:37.935301 after 194.79 seconds
[0m18:16:37.936015 [debug] [MainThread]: Sending event: {'category': 'dbt', 'action': 'invocation', 'label': 'end', 'context': [<snowplow_tracker.self_describing_json.SelfDescribingJson object at 0x7fe9d7aa2ba0>, <snowplow_tracker.self_describing_json.SelfDescribingJson object at 0x7fe9d797e450>, <snowplow_tracker.self_describing_json.SelfDescribingJson object at 0x7fe9d797e4b0>]}
[0m18:16:37.936512 [debug] [MainThread]: Flushing usage events
[0m18:16:38.321772 [debug] [MainThread]: An error was encountered while trying to flush usage events
[0m18:17:31.874187 [debug] [MainThread]: Sending event: {'category': 'dbt', 'action': 'invocation', 'label': 'start', 'context': [<snowplow_tracker.self_describing_json.SelfDescribingJson object at 0x727ec980ad80>, <snowplow_tracker.self_describing_json.SelfDescribingJson object at 0x727ec994c5c0>, <snowplow_tracker.self_describing_json.SelfDescribingJson object at 0x727ec7dd3560>]}


============================== 18:17:31.878969 | 52d01e53-eb16-42c5-94ee-32db801ed75f ==============================
[0m18:17:31.878969 [info ] [MainThread]: Running with dbt=1.9.3
[0m18:17:31.880091 [debug] [MainThread]: running dbt with arguments {'printer_width': '80', 'indirect_selection': 'eager', 'log_cache_events': 'False', 'write_json': 'True', 'partial_parse': 'True', 'cache_selected_only': 'False', 'profiles_dir': '/home/codespace/.dbt', 'debug': 'False', 'warn_error': 'None', 'log_path': 'logs', 'fail_fast': 'False', 'version_check': 'True', 'use_colors': 'True', 'use_experimental_parser': 'False', 'empty': 'None', 'quiet': 'False', 'no_print': 'None', 'log_format': 'default', 'static_parser': 'True', 'invocation_command': 'dbt init churn_analytics_platform', 'warn_error_options': 'WarnErrorOptions(include=[], exclude=[])', 'target_path': 'None', 'introspect': 'True', 'send_anonymous_usage_stats': 'True'}
[0m18:17:31.893086 [debug] [MainThread]: Starter project path: /usr/local/python/3.12.1/lib/python3.12/site-packages/dbt/include/starter_project
[0m18:17:31.899146 [info ] [MainThread]: 
Your new dbt project "churn_analytics_platform" was created!

For more information on how to configure the profiles.yml file,
please consult the dbt documentation here:

  https://docs.getdbt.com/docs/configure-your-profile

One more thing:

Need help? Don't hesitate to reach out to us via GitHub issues or on Slack:

  https://community.getdbt.com/

Happy modeling!

[0m18:17:31.899879 [info ] [MainThread]: Setting up your profile.
[0m18:17:36.079235 [info ] [MainThread]: Profile churn_analytics_platform written to /home/codespace/.dbt/profiles.yml using target's sample configuration. Once updated, you'll be able to start developing with dbt.
[0m18:17:36.080509 [debug] [MainThread]: Resource report: {"command_name": "init", "command_success": true, "command_wall_clock_time": 4.2637973, "process_in_blocks": "29776", "process_kernel_time": 0.236524, "process_mem_max_rss": "113168", "process_out_blocks": "80", "process_user_time": 1.553875}
[0m18:17:36.081166 [debug] [MainThread]: Command `dbt init` succeeded at 18:17:36.081051 after 4.26 seconds
[0m18:17:36.081688 [debug] [MainThread]: Sending event: {'category': 'dbt', 'action': 'invocation', 'label': 'end', 'context': [<snowplow_tracker.self_describing_json.SelfDescribingJson object at 0x727ec7996f30>, <snowplow_tracker.self_describing_json.SelfDescribingJson object at 0x727ec8358d40>, <snowplow_tracker.self_describing_json.SelfDescribingJson object at 0x727ec7976900>]}
[0m18:17:36.082239 [debug] [MainThread]: Flushing usage events
[0m18:17:36.427722 [debug] [MainThread]: An error was encountered while trying to flush usage events
[0m17:32:22.109567 [debug] [MainThread]: Sending event: {'category': 'dbt', 'action': 'invocation', 'label': 'start', 'context': [<snowplow_tracker.self_describing_json.SelfDescribingJson object at 0x71533ff409b0>, <snowplow_tracker.self_describing_json.SelfDescribingJson object at 0x71533e082300>, <snowplow_tracker.self_describing_json.SelfDescribingJson object at 0x71533e630620>]}


============================== 17:32:22.116094 | 230c0c81-473b-4033-92b0-a3545433adb6 ==============================
[0m17:32:22.116094 [info ] [MainThread]: Running with dbt=1.9.3
[0m17:32:22.117159 [debug] [MainThread]: running dbt with arguments {'printer_width': '80', 'indirect_selection': 'eager', 'write_json': 'True', 'log_cache_events': 'False', 'partial_parse': 'True', 'cache_selected_only': 'False', 'profiles_dir': '/home/codespace/.dbt', 'fail_fast': 'False', 'warn_error': 'None', 'log_path': '/workspaces/churn-analytics-platform/dbt/logs', 'debug': 'False', 'version_check': 'True', 'use_colors': 'True', 'use_experimental_parser': 'False', 'empty': 'False', 'quiet': 'False', 'no_print': 'None', 'warn_error_options': 'WarnErrorOptions(include=[], exclude=[])', 'static_parser': 'True', 'invocation_command': 'dbt run --select staging', 'introspect': 'True', 'target_path': 'None', 'log_format': 'default', 'send_anonymous_usage_stats': 'True'}
[0m17:32:22.118625 [error] [MainThread]: Encountered an error:
Runtime Error
  dbt cannot run because no profile was specified for this dbt project.
  To specify a profile for this project, add a line like the this to
  your dbt_project.yml file:
  
  profile: [profile name]
  
  Here, [profile name] should be replaced with a profile name
  defined in your profiles.yml file. You can find profiles.yml here:
  
  /home/codespace/.dbt/profiles.yml
  
[0m17:32:22.120174 [debug] [MainThread]: Resource report: {"command_name": "run", "command_success": false, "command_wall_clock_time": 0.0978291, "process_in_blocks": "18280", "process_kernel_time": 0.22433, "process_mem_max_rss": "91948", "process_out_blocks": "24", "process_user_time": 1.374893}
[0m17:32:22.120842 [debug] [MainThread]: Command `dbt run` failed at 17:32:22.120702 after 0.10 seconds
[0m17:32:22.121331 [debug] [MainThread]: Sending event: {'category': 'dbt', 'action': 'invocation', 'label': 'end', 'context': [<snowplow_tracker.self_describing_json.SelfDescribingJson object at 0x71533df27aa0>, <snowplow_tracker.self_describing_json.SelfDescribingJson object at 0x71533deef950>, <snowplow_tracker.self_describing_json.SelfDescribingJson object at 0x71533deeed20>]}
[0m17:32:22.121846 [debug] [MainThread]: Flushing usage events
[0m17:32:22.487983 [debug] [MainThread]: An error was encountered while trying to flush usage events
[0m17:37:31.414164 [debug] [MainThread]: Sending event: {'category': 'dbt', 'action': 'invocation', 'label': 'start', 'context': [<snowplow_tracker.self_describing_json.SelfDescribingJson object at 0x73dc1dbad9d0>, <snowplow_tracker.self_describing_json.SelfDescribingJson object at 0x73dc1efe8500>, <snowplow_tracker.self_describing_json.SelfDescribingJson object at 0x73dc1d467d40>]}


============================== 17:37:31.417337 | 3495bf3c-4b9e-45e9-aee5-1ff5ac3faec2 ==============================
[0m17:37:31.417337 [info ] [MainThread]: Running with dbt=1.9.3
[0m17:37:31.418105 [debug] [MainThread]: running dbt with arguments {'printer_width': '80', 'indirect_selection': 'eager', 'log_cache_events': 'False', 'write_json': 'True', 'partial_parse': 'True', 'cache_selected_only': 'False', 'warn_error': 'None', 'version_check': 'True', 'fail_fast': 'False', 'log_path': '/workspaces/churn-analytics-platform/dbt/logs', 'debug': 'False', 'profiles_dir': '/home/codespace/.dbt', 'use_colors': 'True', 'use_experimental_parser': 'False', 'no_print': 'None', 'quiet': 'False', 'empty': 'None', 'warn_error_options': 'WarnErrorOptions(include=[], exclude=[])', 'invocation_command': 'dbt debug', 'static_parser': 'True', 'log_format': 'default', 'target_path': 'None', 'introspect': 'True', 'send_anonymous_usage_stats': 'True'}
[0m17:37:31.431581 [info ] [MainThread]: dbt version: 1.9.3
[0m17:37:31.432180 [info ] [MainThread]: python version: 3.12.1
[0m17:37:31.432683 [info ] [MainThread]: python path: /usr/local/python/3.12.1/bin/python3
[0m17:37:31.433198 [info ] [MainThread]: os info: Linux-6.8.0-1030-azure-x86_64-with-glibc2.39
[0m17:37:32.971706 [info ] [MainThread]: Using profiles dir at /home/codespace/.dbt
[0m17:37:32.972452 [info ] [MainThread]: Using profiles.yml file at /home/codespace/.dbt/profiles.yml
[0m17:37:32.973239 [info ] [MainThread]: Using dbt_project.yml file at /workspaces/churn-analytics-platform/dbt/dbt_project.yml
[0m17:37:32.976936 [info ] [MainThread]: adapter type: duckdb
[0m17:37:32.977604 [info ] [MainThread]: adapter version: 1.9.2
[0m17:37:32.979947 [info ] [MainThread]: Configuration:
[0m17:37:32.980439 [info ] [MainThread]:   profiles.yml file [[32mOK found and valid[0m]
[0m17:37:32.980936 [info ] [MainThread]:   dbt_project.yml file [[31mERROR invalid[0m]
[0m17:37:32.981415 [info ] [MainThread]: Required dependencies:
[0m17:37:32.981932 [debug] [MainThread]: Executing "git --help"
[0m17:37:32.984395 [debug] [MainThread]: STDOUT: "b"usage: git [-v | --version] [-h | --help] [-C <path>] [-c <name>=<value>]\n           [--exec-path[=<path>]] [--html-path] [--man-path] [--info-path]\n           [-p | --paginate | -P | --no-pager] [--no-replace-objects] [--no-lazy-fetch]\n           [--no-optional-locks] [--no-advice] [--bare] [--git-dir=<path>]\n           [--work-tree=<path>] [--namespace=<name>] [--config-env=<name>=<envvar>]\n           <command> [<args>]\n\nThese are common Git commands used in various situations:\n\nstart a working area (see also: git help tutorial)\n   clone      Clone a repository into a new directory\n   init       Create an empty Git repository or reinitialize an existing one\n\nwork on the current change (see also: git help everyday)\n   add        Add file contents to the index\n   mv         Move or rename a file, a directory, or a symlink\n   restore    Restore working tree files\n   rm         Remove files from the working tree and from the index\n\nexamine the history and state (see also: git help revisions)\n   bisect     Use binary search to find the commit that introduced a bug\n   diff       Show changes between commits, commit and working tree, etc\n   grep       Print lines matching a pattern\n   log        Show commit logs\n   show       Show various types of objects\n   status     Show the working tree status\n\ngrow, mark and tweak your common history\n   backfill   Download missing objects in a partial clone\n   branch     List, create, or delete branches\n   commit     Record changes to the repository\n   merge      Join two or more development histories together\n   rebase     Reapply commits on top of another base tip\n   reset      Reset current HEAD to the specified state\n   switch     Switch branches\n   tag        Create, list, delete or verify a tag object signed with GPG\n\ncollaborate (see also: git help workflows)\n   fetch      Download objects and refs from another repository\n   pull       Fetch from and integrate with another repository or a local branch\n   push       Update remote refs along with associated objects\n\n'git help -a' and 'git help -g' list available subcommands and some\nconcept guides. See 'git help <command>' or 'git help <concept>'\nto read about a specific subcommand or concept.\nSee 'git help git' for an overview of the system.\n""
[0m17:37:32.984992 [debug] [MainThread]: STDERR: "b''"
[0m17:37:32.985476 [info ] [MainThread]:  - git [[32mOK found[0m]

[0m17:37:32.986087 [info ] [MainThread]: Connection:
[0m17:37:32.986584 [info ] [MainThread]:   database: dev
[0m17:37:32.987191 [info ] [MainThread]:   schema: main
[0m17:37:32.987937 [info ] [MainThread]:   path: dev.duckdb
[0m17:37:32.988610 [info ] [MainThread]:   config_options: None
[0m17:37:32.989065 [info ] [MainThread]:   extensions: None
[0m17:37:32.989464 [info ] [MainThread]:   settings: {}
[0m17:37:32.989887 [info ] [MainThread]:   external_root: .
[0m17:37:32.990283 [info ] [MainThread]:   use_credential_provider: None
[0m17:37:32.990671 [info ] [MainThread]:   attach: None
[0m17:37:32.991130 [info ] [MainThread]:   filesystems: None
[0m17:37:32.991550 [info ] [MainThread]:   remote: None
[0m17:37:32.991988 [info ] [MainThread]:   plugins: None
[0m17:37:32.992499 [info ] [MainThread]:   disable_transactions: False
[0m17:37:32.993154 [info ] [MainThread]: Registered adapter: duckdb=1.9.2
[0m17:37:33.187884 [debug] [MainThread]: Acquiring new duckdb connection 'debug'
[0m17:37:33.359390 [debug] [MainThread]: Using duckdb connection "debug"
[0m17:37:33.359961 [debug] [MainThread]: On debug: select 1 as id
[0m17:37:33.360387 [debug] [MainThread]: Opening a new connection, currently in state init
[0m17:37:34.462395 [debug] [MainThread]: SQL status: OK in 1.102 seconds
[0m17:37:34.463640 [debug] [MainThread]: On debug: Close
[0m17:37:34.464254 [info ] [MainThread]:   Connection test: [[32mOK connection ok[0m]

[0m17:37:34.464797 [info ] [MainThread]: [31m1 check failed:[0m
[0m17:37:34.465265 [info ] [MainThread]: Project loading failed for the following reason:
Runtime Error
  Required "name" field not present in project

Error encountered in /workspaces/churn-analytics-platform/dbt/dbt_project.yml


[0m17:37:34.466353 [debug] [MainThread]: Resource report: {"command_name": "debug", "command_success": false, "command_wall_clock_time": 3.1073987, "process_in_blocks": "65528", "process_kernel_time": 0.288559, "process_mem_max_rss": "137820", "process_out_blocks": "48", "process_user_time": 1.546637}
[0m17:37:34.466937 [debug] [MainThread]: Command `dbt debug` failed at 17:37:34.466825 after 3.11 seconds
[0m17:37:34.467407 [debug] [MainThread]: Connection 'debug' was properly closed.
[0m17:37:34.467887 [debug] [MainThread]: Sending event: {'category': 'dbt', 'action': 'invocation', 'label': 'end', 'context': [<snowplow_tracker.self_describing_json.SelfDescribingJson object at 0x73dc1e96a360>, <snowplow_tracker.self_describing_json.SelfDescribingJson object at 0x73dc1ce91430>, <snowplow_tracker.self_describing_json.SelfDescribingJson object at 0x73dc1d499f40>]}
[0m17:37:34.468415 [debug] [MainThread]: Flushing usage events
[0m17:37:34.838836 [debug] [MainThread]: An error was encountered while trying to flush usage events
[0m17:39:39.959917 [debug] [MainThread]: Sending event: {'category': 'dbt', 'action': 'invocation', 'label': 'start', 'context': [<snowplow_tracker.self_describing_json.SelfDescribingJson object at 0x7149805eade0>, <snowplow_tracker.self_describing_json.SelfDescribingJson object at 0x71497ec79ac0>, <snowplow_tracker.self_describing_json.SelfDescribingJson object at 0x71497f215c70>]}


============================== 17:39:39.963460 | af79b066-09b7-4c78-b690-fa7f93398d9d ==============================
[0m17:39:39.963460 [info ] [MainThread]: Running with dbt=1.9.3
[0m17:39:39.964324 [debug] [MainThread]: running dbt with arguments {'printer_width': '80', 'indirect_selection': 'eager', 'log_cache_events': 'False', 'write_json': 'True', 'partial_parse': 'True', 'cache_selected_only': 'False', 'warn_error': 'None', 'version_check': 'True', 'debug': 'False', 'log_path': '/workspaces/churn-analytics-platform/dbt/logs', 'fail_fast': 'False', 'profiles_dir': '/home/codespace/.dbt', 'use_colors': 'True', 'use_experimental_parser': 'False', 'empty': 'None', 'quiet': 'False', 'no_print': 'None', 'log_format': 'default', 'invocation_command': 'dbt debug', 'warn_error_options': 'WarnErrorOptions(include=[], exclude=[])', 'static_parser': 'True', 'target_path': 'None', 'introspect': 'True', 'send_anonymous_usage_stats': 'True'}
[0m17:39:39.977563 [info ] [MainThread]: dbt version: 1.9.3
[0m17:39:39.978273 [info ] [MainThread]: python version: 3.12.1
[0m17:39:39.979062 [info ] [MainThread]: python path: /usr/local/python/3.12.1/bin/python3
[0m17:39:39.979797 [info ] [MainThread]: os info: Linux-6.8.0-1030-azure-x86_64-with-glibc2.39
[0m17:39:40.087143 [info ] [MainThread]: Using profiles dir at /home/codespace/.dbt
[0m17:39:40.087809 [info ] [MainThread]: Using profiles.yml file at /home/codespace/.dbt/profiles.yml
[0m17:39:40.088289 [info ] [MainThread]: Using dbt_project.yml file at /workspaces/churn-analytics-platform/dbt/dbt_project.yml
[0m17:39:40.092306 [info ] [MainThread]: adapter type: duckdb
[0m17:39:40.093096 [info ] [MainThread]: adapter version: 1.9.2
[0m17:39:40.203142 [info ] [MainThread]: Configuration:
[0m17:39:40.203742 [info ] [MainThread]:   profiles.yml file [[32mOK found and valid[0m]
[0m17:39:40.204202 [info ] [MainThread]:   dbt_project.yml file [[32mOK found and valid[0m]
[0m17:39:40.204620 [info ] [MainThread]: Required dependencies:
[0m17:39:40.205087 [debug] [MainThread]: Executing "git --help"
[0m17:39:40.207509 [debug] [MainThread]: STDOUT: "b"usage: git [-v | --version] [-h | --help] [-C <path>] [-c <name>=<value>]\n           [--exec-path[=<path>]] [--html-path] [--man-path] [--info-path]\n           [-p | --paginate | -P | --no-pager] [--no-replace-objects] [--no-lazy-fetch]\n           [--no-optional-locks] [--no-advice] [--bare] [--git-dir=<path>]\n           [--work-tree=<path>] [--namespace=<name>] [--config-env=<name>=<envvar>]\n           <command> [<args>]\n\nThese are common Git commands used in various situations:\n\nstart a working area (see also: git help tutorial)\n   clone      Clone a repository into a new directory\n   init       Create an empty Git repository or reinitialize an existing one\n\nwork on the current change (see also: git help everyday)\n   add        Add file contents to the index\n   mv         Move or rename a file, a directory, or a symlink\n   restore    Restore working tree files\n   rm         Remove files from the working tree and from the index\n\nexamine the history and state (see also: git help revisions)\n   bisect     Use binary search to find the commit that introduced a bug\n   diff       Show changes between commits, commit and working tree, etc\n   grep       Print lines matching a pattern\n   log        Show commit logs\n   show       Show various types of objects\n   status     Show the working tree status\n\ngrow, mark and tweak your common history\n   backfill   Download missing objects in a partial clone\n   branch     List, create, or delete branches\n   commit     Record changes to the repository\n   merge      Join two or more development histories together\n   rebase     Reapply commits on top of another base tip\n   reset      Reset current HEAD to the specified state\n   switch     Switch branches\n   tag        Create, list, delete or verify a tag object signed with GPG\n\ncollaborate (see also: git help workflows)\n   fetch      Download objects and refs from another repository\n   pull       Fetch from and integrate with another repository or a local branch\n   push       Update remote refs along with associated objects\n\n'git help -a' and 'git help -g' list available subcommands and some\nconcept guides. See 'git help <command>' or 'git help <concept>'\nto read about a specific subcommand or concept.\nSee 'git help git' for an overview of the system.\n""
[0m17:39:40.208018 [debug] [MainThread]: STDERR: "b''"
[0m17:39:40.208448 [info ] [MainThread]:  - git [[32mOK found[0m]

[0m17:39:40.208905 [info ] [MainThread]: Connection:
[0m17:39:40.209360 [info ] [MainThread]:   database: dev
[0m17:39:40.209938 [info ] [MainThread]:   schema: main
[0m17:39:40.210501 [info ] [MainThread]:   path: dev.duckdb
[0m17:39:40.211051 [info ] [MainThread]:   config_options: None
[0m17:39:40.211547 [info ] [MainThread]:   extensions: None
[0m17:39:40.212072 [info ] [MainThread]:   settings: {}
[0m17:39:40.212566 [info ] [MainThread]:   external_root: .
[0m17:39:40.213122 [info ] [MainThread]:   use_credential_provider: None
[0m17:39:40.213624 [info ] [MainThread]:   attach: None
[0m17:39:40.214196 [info ] [MainThread]:   filesystems: None
[0m17:39:40.214951 [info ] [MainThread]:   remote: None
[0m17:39:40.215681 [info ] [MainThread]:   plugins: None
[0m17:39:40.216163 [info ] [MainThread]:   disable_transactions: False
[0m17:39:40.216718 [info ] [MainThread]: Registered adapter: duckdb=1.9.2
[0m17:39:40.309619 [debug] [MainThread]: Acquiring new duckdb connection 'debug'
[0m17:39:40.336784 [debug] [MainThread]: Using duckdb connection "debug"
[0m17:39:40.337317 [debug] [MainThread]: On debug: select 1 as id
[0m17:39:40.337736 [debug] [MainThread]: Opening a new connection, currently in state init
[0m17:39:40.348135 [debug] [MainThread]: SQL status: OK in 0.010 seconds
[0m17:39:40.349253 [debug] [MainThread]: On debug: Close
[0m17:39:40.349811 [info ] [MainThread]:   Connection test: [[32mOK connection ok[0m]

[0m17:39:40.350271 [info ] [MainThread]: [32mAll checks passed![0m
[0m17:39:40.351306 [debug] [MainThread]: Resource report: {"command_name": "debug", "command_success": true, "command_wall_clock_time": 0.44965342, "process_in_blocks": "0", "process_kernel_time": 0.233372, "process_mem_max_rss": "139236", "process_out_blocks": "16", "process_user_time": 1.742316}
[0m17:39:40.351889 [debug] [MainThread]: Command `dbt debug` succeeded at 17:39:40.351747 after 0.45 seconds
[0m17:39:40.352338 [debug] [MainThread]: Connection 'debug' was properly closed.
[0m17:39:40.352823 [debug] [MainThread]: Sending event: {'category': 'dbt', 'action': 'invocation', 'label': 'end', 'context': [<snowplow_tracker.self_describing_json.SelfDescribingJson object at 0x71497ec79ac0>, <snowplow_tracker.self_describing_json.SelfDescribingJson object at 0x71497f18a270>, <snowplow_tracker.self_describing_json.SelfDescribingJson object at 0x71497e5dc320>]}
[0m17:39:40.353337 [debug] [MainThread]: Flushing usage events
[0m17:39:40.722815 [debug] [MainThread]: An error was encountered while trying to flush usage events
[0m17:40:40.114062 [debug] [MainThread]: Sending event: {'category': 'dbt', 'action': 'invocation', 'label': 'start', 'context': [<snowplow_tracker.self_describing_json.SelfDescribingJson object at 0x7a915390f500>, <snowplow_tracker.self_describing_json.SelfDescribingJson object at 0x7a91537e6240>, <snowplow_tracker.self_describing_json.SelfDescribingJson object at 0x7a915390c9e0>]}


============================== 17:40:40.117370 | 98375c95-d334-437b-bacc-1df62a4edce0 ==============================
[0m17:40:40.117370 [info ] [MainThread]: Running with dbt=1.9.3
[0m17:40:40.118157 [debug] [MainThread]: running dbt with arguments {'printer_width': '80', 'indirect_selection': 'eager', 'log_cache_events': 'False', 'write_json': 'True', 'partial_parse': 'True', 'cache_selected_only': 'False', 'warn_error': 'None', 'fail_fast': 'False', 'version_check': 'True', 'log_path': '/workspaces/churn-analytics-platform/dbt/logs', 'debug': 'False', 'profiles_dir': '/home/codespace/.dbt', 'use_colors': 'True', 'use_experimental_parser': 'False', 'no_print': 'None', 'quiet': 'False', 'empty': 'False', 'log_format': 'default', 'static_parser': 'True', 'invocation_command': 'dbt run --select staging', 'warn_error_options': 'WarnErrorOptions(include=[], exclude=[])', 'target_path': 'None', 'introspect': 'True', 'send_anonymous_usage_stats': 'True'}
[0m17:40:40.326887 [debug] [MainThread]: Sending event: {'category': 'dbt', 'action': 'project_id', 'label': '98375c95-d334-437b-bacc-1df62a4edce0', 'context': [<snowplow_tracker.self_describing_json.SelfDescribingJson object at 0x7a9153446210>]}
[0m17:40:40.389914 [debug] [MainThread]: Sending event: {'category': 'dbt', 'action': 'adapter_info', 'label': '98375c95-d334-437b-bacc-1df62a4edce0', 'context': [<snowplow_tracker.self_describing_json.SelfDescribingJson object at 0x7a9153b4e540>]}
[0m17:40:40.393142 [info ] [MainThread]: Registered adapter: duckdb=1.9.2
[0m17:40:40.495089 [debug] [MainThread]: checksum: 5671c00892cdbcef29c3b00cc5ba7510c3d18a35c883caeb9ab9ee266dc29c8f, vars: {}, profile: , target: , version: 1.9.3
[0m17:40:40.495882 [info ] [MainThread]: Unable to do partial parsing because saved manifest not found. Starting full parse.
[0m17:40:40.496386 [debug] [MainThread]: Sending event: {'category': 'dbt', 'action': 'partial_parser', 'label': '98375c95-d334-437b-bacc-1df62a4edce0', 'context': [<snowplow_tracker.self_describing_json.SelfDescribingJson object at 0x7a914f4887d0>]}
[0m17:40:41.239465 [warn ] [MainThread]: [[33mWARNING[0m]: Configuration paths exist in your dbt_project.yml file which do not apply to any resources.
There are 3 unused configuration paths:
- models.churn_analytics_platform.staging
- models.churn_analytics_platform.marts
- models.churn_analytics_platform.intermediate
[0m17:40:41.244296 [debug] [MainThread]: Sending event: {'category': 'dbt', 'action': 'load_project', 'label': '98375c95-d334-437b-bacc-1df62a4edce0', 'context': [<snowplow_tracker.self_describing_json.SelfDescribingJson object at 0x7a914f3f7140>]}
[0m17:40:41.280581 [debug] [MainThread]: Wrote artifact WritableManifest to /workspaces/churn-analytics-platform/dbt/target/manifest.json
[0m17:40:41.282380 [debug] [MainThread]: Wrote artifact SemanticManifest to /workspaces/churn-analytics-platform/dbt/target/semantic_manifest.json
[0m17:40:41.294138 [debug] [MainThread]: Sending event: {'category': 'dbt', 'action': 'resource_counts', 'label': '98375c95-d334-437b-bacc-1df62a4edce0', 'context': [<snowplow_tracker.self_describing_json.SelfDescribingJson object at 0x7a914f2f1b80>]}
[0m17:40:41.294680 [info ] [MainThread]: Found 426 macros
[0m17:40:41.295253 [debug] [MainThread]: Sending event: {'category': 'dbt', 'action': 'runnable_timing', 'label': '98375c95-d334-437b-bacc-1df62a4edce0', 'context': [<snowplow_tracker.self_describing_json.SelfDescribingJson object at 0x7a914f595130>]}
[0m17:40:41.295903 [warn ] [MainThread]: The selection criterion 'staging' does not match any enabled nodes
[0m17:40:41.297293 [warn ] [MainThread]: Nothing to do. Try checking your model configs and model specification args
[0m17:40:41.298000 [debug] [MainThread]: Command end result
[0m17:40:41.313669 [debug] [MainThread]: Wrote artifact WritableManifest to /workspaces/churn-analytics-platform/dbt/target/manifest.json
[0m17:40:41.315049 [debug] [MainThread]: Wrote artifact SemanticManifest to /workspaces/churn-analytics-platform/dbt/target/semantic_manifest.json
[0m17:40:41.318071 [debug] [MainThread]: Wrote artifact RunExecutionResult to /workspaces/churn-analytics-platform/dbt/target/run_results.json
[0m17:40:41.319019 [debug] [MainThread]: Resource report: {"command_name": "run", "command_success": true, "command_wall_clock_time": 1.2609116, "process_in_blocks": "1584", "process_kernel_time": 0.25445, "process_mem_max_rss": "120480", "process_out_blocks": "2512", "process_user_time": 2.476652}
[0m17:40:41.319552 [debug] [MainThread]: Command `dbt run` succeeded at 17:40:41.319449 after 1.26 seconds
[0m17:40:41.320028 [debug] [MainThread]: Sending event: {'category': 'dbt', 'action': 'invocation', 'label': 'end', 'context': [<snowplow_tracker.self_describing_json.SelfDescribingJson object at 0x7a914f2aed50>, <snowplow_tracker.self_describing_json.SelfDescribingJson object at 0x7a914f2aedb0>, <snowplow_tracker.self_describing_json.SelfDescribingJson object at 0x7a914f54b740>]}
[0m17:40:41.320471 [debug] [MainThread]: Flushing usage events
[0m17:40:41.682841 [debug] [MainThread]: An error was encountered while trying to flush usage events
[0m17:43:48.177664 [debug] [MainThread]: Sending event: {'category': 'dbt', 'action': 'invocation', 'label': 'start', 'context': [<snowplow_tracker.self_describing_json.SelfDescribingJson object at 0x7672c4081f40>, <snowplow_tracker.self_describing_json.SelfDescribingJson object at 0x7672c4d4bef0>, <snowplow_tracker.self_describing_json.SelfDescribingJson object at 0x7672c472d250>]}


============================== 17:43:48.180873 | b521b58d-c084-4b43-8af9-4f7067ff2d02 ==============================
[0m17:43:48.180873 [info ] [MainThread]: Running with dbt=1.9.3
[0m17:43:48.181536 [debug] [MainThread]: running dbt with arguments {'printer_width': '80', 'indirect_selection': 'eager', 'write_json': 'True', 'log_cache_events': 'False', 'partial_parse': 'True', 'cache_selected_only': 'False', 'warn_error': 'None', 'version_check': 'True', 'debug': 'False', 'log_path': '/workspaces/churn-analytics-platform/dbt/logs', 'fail_fast': 'False', 'profiles_dir': '/workspaces/churn-analytics-platform/dbt/churn_analytics_platform', 'use_colors': 'True', 'use_experimental_parser': 'False', 'no_print': 'None', 'quiet': 'False', 'empty': 'False', 'warn_error_options': 'WarnErrorOptions(include=[], exclude=[])', 'static_parser': 'True', 'log_format': 'default', 'introspect': 'True', 'target_path': 'None', 'invocation_command': 'dbt run --select staging', 'send_anonymous_usage_stats': 'True'}
[0m17:43:48.184078 [error] [MainThread]: Encountered an error:
Runtime Error
  Could not find profile named 'churn_analytics_platform'
[0m17:43:48.185101 [debug] [MainThread]: Resource report: {"command_name": "run", "command_success": false, "command_wall_clock_time": 0.062677026, "process_in_blocks": "0", "process_kernel_time": 0.166672, "process_mem_max_rss": "92520", "process_out_blocks": "16", "process_user_time": 1.364321}
[0m17:43:48.185659 [debug] [MainThread]: Command `dbt run` failed at 17:43:48.185540 after 0.06 seconds
[0m17:43:48.186179 [debug] [MainThread]: Sending event: {'category': 'dbt', 'action': 'invocation', 'label': 'end', 'context': [<snowplow_tracker.self_describing_json.SelfDescribingJson object at 0x7672c3d2f8f0>, <snowplow_tracker.self_describing_json.SelfDescribingJson object at 0x7672c3ed2270>, <snowplow_tracker.self_describing_json.SelfDescribingJson object at 0x7672c4117b00>]}
[0m17:43:48.186689 [debug] [MainThread]: Flushing usage events
[0m17:43:48.552939 [debug] [MainThread]: An error was encountered while trying to flush usage events
[0m17:48:28.577476 [debug] [MainThread]: Sending event: {'category': 'dbt', 'action': 'invocation', 'label': 'start', 'context': [<snowplow_tracker.self_describing_json.SelfDescribingJson object at 0x7949f2808a40>, <snowplow_tracker.self_describing_json.SelfDescribingJson object at 0x7949f24a3860>, <snowplow_tracker.self_describing_json.SelfDescribingJson object at 0x7949f2d878f0>]}


============================== 17:48:28.580689 | 353d334b-ea9e-43d8-89fd-f72b78005c42 ==============================
[0m17:48:28.580689 [info ] [MainThread]: Running with dbt=1.9.3
[0m17:48:28.581414 [debug] [MainThread]: running dbt with arguments {'printer_width': '80', 'indirect_selection': 'eager', 'log_cache_events': 'False', 'write_json': 'True', 'partial_parse': 'True', 'cache_selected_only': 'False', 'warn_error': 'None', 'fail_fast': 'False', 'profiles_dir': '/workspaces/churn-analytics-platform/dbt/churn_analytics_platform', 'log_path': '/workspaces/churn-analytics-platform/dbt/logs', 'version_check': 'True', 'debug': 'False', 'use_colors': 'True', 'use_experimental_parser': 'False', 'empty': 'None', 'quiet': 'False', 'no_print': 'None', 'warn_error_options': 'WarnErrorOptions(include=[], exclude=[])', 'introspect': 'True', 'log_format': 'default', 'static_parser': 'True', 'target_path': 'None', 'invocation_command': 'dbt debug', 'send_anonymous_usage_stats': 'True'}
[0m17:48:28.591011 [info ] [MainThread]: dbt version: 1.9.3
[0m17:48:28.591518 [info ] [MainThread]: python version: 3.12.1
[0m17:48:28.592174 [info ] [MainThread]: python path: /usr/local/python/3.12.1/bin/python3
[0m17:48:28.592608 [info ] [MainThread]: os info: Linux-6.8.0-1030-azure-x86_64-with-glibc2.39
[0m17:48:28.689381 [info ] [MainThread]: Using profiles dir at /workspaces/churn-analytics-platform/dbt/churn_analytics_platform
[0m17:48:28.689977 [info ] [MainThread]: Using profiles.yml file at /workspaces/churn-analytics-platform/dbt/churn_analytics_platform/profiles.yml
[0m17:48:28.690437 [info ] [MainThread]: Using dbt_project.yml file at /workspaces/churn-analytics-platform/dbt/dbt_project.yml
[0m17:48:28.693369 [info ] [MainThread]: adapter type: duckdb
[0m17:48:28.693863 [info ] [MainThread]: adapter version: 1.9.2
[0m17:48:28.797250 [info ] [MainThread]: Configuration:
[0m17:48:28.797795 [info ] [MainThread]:   profiles.yml file [[32mOK found and valid[0m]
[0m17:48:28.798265 [info ] [MainThread]:   dbt_project.yml file [[32mOK found and valid[0m]
[0m17:48:28.798711 [info ] [MainThread]: Required dependencies:
[0m17:48:28.799208 [debug] [MainThread]: Executing "git --help"
[0m17:48:28.801413 [debug] [MainThread]: STDOUT: "b"usage: git [-v | --version] [-h | --help] [-C <path>] [-c <name>=<value>]\n           [--exec-path[=<path>]] [--html-path] [--man-path] [--info-path]\n           [-p | --paginate | -P | --no-pager] [--no-replace-objects] [--no-lazy-fetch]\n           [--no-optional-locks] [--no-advice] [--bare] [--git-dir=<path>]\n           [--work-tree=<path>] [--namespace=<name>] [--config-env=<name>=<envvar>]\n           <command> [<args>]\n\nThese are common Git commands used in various situations:\n\nstart a working area (see also: git help tutorial)\n   clone      Clone a repository into a new directory\n   init       Create an empty Git repository or reinitialize an existing one\n\nwork on the current change (see also: git help everyday)\n   add        Add file contents to the index\n   mv         Move or rename a file, a directory, or a symlink\n   restore    Restore working tree files\n   rm         Remove files from the working tree and from the index\n\nexamine the history and state (see also: git help revisions)\n   bisect     Use binary search to find the commit that introduced a bug\n   diff       Show changes between commits, commit and working tree, etc\n   grep       Print lines matching a pattern\n   log        Show commit logs\n   show       Show various types of objects\n   status     Show the working tree status\n\ngrow, mark and tweak your common history\n   backfill   Download missing objects in a partial clone\n   branch     List, create, or delete branches\n   commit     Record changes to the repository\n   merge      Join two or more development histories together\n   rebase     Reapply commits on top of another base tip\n   reset      Reset current HEAD to the specified state\n   switch     Switch branches\n   tag        Create, list, delete or verify a tag object signed with GPG\n\ncollaborate (see also: git help workflows)\n   fetch      Download objects and refs from another repository\n   pull       Fetch from and integrate with another repository or a local branch\n   push       Update remote refs along with associated objects\n\n'git help -a' and 'git help -g' list available subcommands and some\nconcept guides. See 'git help <command>' or 'git help <concept>'\nto read about a specific subcommand or concept.\nSee 'git help git' for an overview of the system.\n""
[0m17:48:28.801959 [debug] [MainThread]: STDERR: "b''"
[0m17:48:28.802389 [info ] [MainThread]:  - git [[32mOK found[0m]

[0m17:48:28.802857 [info ] [MainThread]: Connection:
[0m17:48:28.803308 [info ] [MainThread]:   database: churn_warehouse
[0m17:48:28.803847 [info ] [MainThread]:   schema: staging
[0m17:48:28.804436 [info ] [MainThread]:   path: /workspaces/churn-analytics-platform/duckdb/churn_warehouse.duckdb
[0m17:48:28.805000 [info ] [MainThread]:   config_options: None
[0m17:48:28.805461 [info ] [MainThread]:   extensions: None
[0m17:48:28.805952 [info ] [MainThread]:   settings: {}
[0m17:48:28.806408 [info ] [MainThread]:   external_root: .
[0m17:48:28.806876 [info ] [MainThread]:   use_credential_provider: None
[0m17:48:28.807387 [info ] [MainThread]:   attach: None
[0m17:48:28.807862 [info ] [MainThread]:   filesystems: None
[0m17:48:28.808303 [info ] [MainThread]:   remote: None
[0m17:48:28.808875 [info ] [MainThread]:   plugins: None
[0m17:48:28.809443 [info ] [MainThread]:   disable_transactions: False
[0m17:48:28.810317 [info ] [MainThread]: Registered adapter: duckdb=1.9.2
[0m17:48:28.922833 [debug] [MainThread]: Acquiring new duckdb connection 'debug'
[0m17:48:28.951157 [debug] [MainThread]: Using duckdb connection "debug"
[0m17:48:28.951686 [debug] [MainThread]: On debug: select 1 as id
[0m17:48:28.952188 [debug] [MainThread]: Opening a new connection, currently in state init
[0m17:48:29.026823 [debug] [MainThread]: SQL status: OK in 0.075 seconds
[0m17:48:29.028091 [debug] [MainThread]: On debug: Close
[0m17:48:29.028646 [info ] [MainThread]:   Connection test: [[32mOK connection ok[0m]

[0m17:48:29.029237 [info ] [MainThread]: [32mAll checks passed![0m
[0m17:48:29.030364 [debug] [MainThread]: Resource report: {"command_name": "debug", "command_success": true, "command_wall_clock_time": 0.50836277, "process_in_blocks": "2048", "process_kernel_time": 0.262476, "process_mem_max_rss": "140240", "process_out_blocks": "16", "process_user_time": 1.637731}
[0m17:48:29.030962 [debug] [MainThread]: Command `dbt debug` succeeded at 17:48:29.030852 after 0.51 seconds
[0m17:48:29.031418 [debug] [MainThread]: Connection 'debug' was properly closed.
[0m17:48:29.031901 [debug] [MainThread]: Sending event: {'category': 'dbt', 'action': 'invocation', 'label': 'end', 'context': [<snowplow_tracker.self_describing_json.SelfDescribingJson object at 0x7949f2808a40>, <snowplow_tracker.self_describing_json.SelfDescribingJson object at 0x7949edddc680>, <snowplow_tracker.self_describing_json.SelfDescribingJson object at 0x7949ee1646e0>]}
[0m17:48:29.032415 [debug] [MainThread]: Flushing usage events
[0m17:48:29.409926 [debug] [MainThread]: An error was encountered while trying to flush usage events
[0m17:48:49.493135 [debug] [MainThread]: Sending event: {'category': 'dbt', 'action': 'invocation', 'label': 'start', 'context': [<snowplow_tracker.self_describing_json.SelfDescribingJson object at 0x7e3b53fb0e60>, <snowplow_tracker.self_describing_json.SelfDescribingJson object at 0x7e3b52b49100>, <snowplow_tracker.self_describing_json.SelfDescribingJson object at 0x7e3b524fe3f0>]}


============================== 17:48:49.496213 | a373d4b3-4944-483e-95e5-e4910b117579 ==============================
[0m17:48:49.496213 [info ] [MainThread]: Running with dbt=1.9.3
[0m17:48:49.496970 [debug] [MainThread]: running dbt with arguments {'printer_width': '80', 'indirect_selection': 'eager', 'write_json': 'True', 'log_cache_events': 'False', 'partial_parse': 'True', 'cache_selected_only': 'False', 'warn_error': 'None', 'fail_fast': 'False', 'version_check': 'True', 'log_path': '/workspaces/churn-analytics-platform/dbt/logs', 'debug': 'False', 'profiles_dir': '/workspaces/churn-analytics-platform/dbt/churn_analytics_platform', 'use_colors': 'True', 'use_experimental_parser': 'False', 'no_print': 'None', 'quiet': 'False', 'empty': 'False', 'log_format': 'default', 'introspect': 'True', 'warn_error_options': 'WarnErrorOptions(include=[], exclude=[])', 'static_parser': 'True', 'target_path': 'None', 'invocation_command': 'dbt run --select staging', 'send_anonymous_usage_stats': 'True'}
[0m17:48:49.709263 [debug] [MainThread]: Sending event: {'category': 'dbt', 'action': 'project_id', 'label': 'a373d4b3-4944-483e-95e5-e4910b117579', 'context': [<snowplow_tracker.self_describing_json.SelfDescribingJson object at 0x7e3b52b9d010>]}
[0m17:48:49.772277 [debug] [MainThread]: Sending event: {'category': 'dbt', 'action': 'adapter_info', 'label': 'a373d4b3-4944-483e-95e5-e4910b117579', 'context': [<snowplow_tracker.self_describing_json.SelfDescribingJson object at 0x7e3b525bfe00>]}
[0m17:48:49.775634 [info ] [MainThread]: Registered adapter: duckdb=1.9.2
[0m17:48:49.875584 [debug] [MainThread]: checksum: 5671c00892cdbcef29c3b00cc5ba7510c3d18a35c883caeb9ab9ee266dc29c8f, vars: {}, profile: , target: , version: 1.9.3
[0m17:48:49.917921 [info ] [MainThread]: Unable to do partial parsing because profile has changed
[0m17:48:49.918541 [info ] [MainThread]: Unable to do partial parsing because a project config has changed
[0m17:48:49.919110 [debug] [MainThread]: Sending event: {'category': 'dbt', 'action': 'partial_parser', 'label': 'a373d4b3-4944-483e-95e5-e4910b117579', 'context': [<snowplow_tracker.self_describing_json.SelfDescribingJson object at 0x7e3b52621100>]}
[0m17:48:50.638823 [warn ] [MainThread]: [[33mWARNING[0m]: Configuration paths exist in your dbt_project.yml file which do not apply to any resources.
There are 3 unused configuration paths:
- models.churn_analytics_platform.intermediate
- models.churn_analytics_platform.marts
- models.churn_analytics_platform.staging
[0m17:48:50.643591 [debug] [MainThread]: Sending event: {'category': 'dbt', 'action': 'load_project', 'label': 'a373d4b3-4944-483e-95e5-e4910b117579', 'context': [<snowplow_tracker.self_describing_json.SelfDescribingJson object at 0x7e3b51fe8c80>]}
[0m17:48:50.677591 [debug] [MainThread]: Wrote artifact WritableManifest to /workspaces/churn-analytics-platform/dbt/target/manifest.json
[0m17:48:50.679102 [debug] [MainThread]: Wrote artifact SemanticManifest to /workspaces/churn-analytics-platform/dbt/target/semantic_manifest.json
[0m17:48:50.689580 [debug] [MainThread]: Sending event: {'category': 'dbt', 'action': 'resource_counts', 'label': 'a373d4b3-4944-483e-95e5-e4910b117579', 'context': [<snowplow_tracker.self_describing_json.SelfDescribingJson object at 0x7e3b4dc6f650>]}
[0m17:48:50.690139 [info ] [MainThread]: Found 426 macros
[0m17:48:50.690688 [debug] [MainThread]: Sending event: {'category': 'dbt', 'action': 'runnable_timing', 'label': 'a373d4b3-4944-483e-95e5-e4910b117579', 'context': [<snowplow_tracker.self_describing_json.SelfDescribingJson object at 0x7e3b4df31fa0>]}
[0m17:48:50.691344 [warn ] [MainThread]: The selection criterion 'staging' does not match any enabled nodes
[0m17:48:50.692707 [warn ] [MainThread]: Nothing to do. Try checking your model configs and model specification args
[0m17:48:50.693424 [debug] [MainThread]: Command end result
[0m17:48:50.709490 [debug] [MainThread]: Wrote artifact WritableManifest to /workspaces/churn-analytics-platform/dbt/target/manifest.json
[0m17:48:50.710730 [debug] [MainThread]: Wrote artifact SemanticManifest to /workspaces/churn-analytics-platform/dbt/target/semantic_manifest.json
[0m17:48:50.713674 [debug] [MainThread]: Wrote artifact RunExecutionResult to /workspaces/churn-analytics-platform/dbt/target/run_results.json
[0m17:48:50.714998 [debug] [MainThread]: Resource report: {"command_name": "run", "command_success": true, "command_wall_clock_time": 1.2777035, "process_in_blocks": "0", "process_kernel_time": 0.275798, "process_mem_max_rss": "120712", "process_out_blocks": "2520", "process_user_time": 2.472191}
[0m17:48:50.715823 [debug] [MainThread]: Command `dbt run` succeeded at 17:48:50.715654 after 1.28 seconds
[0m17:48:50.716346 [debug] [MainThread]: Sending event: {'category': 'dbt', 'action': 'invocation', 'label': 'end', 'context': [<snowplow_tracker.self_describing_json.SelfDescribingJson object at 0x7e3b520fb8f0>, <snowplow_tracker.self_describing_json.SelfDescribingJson object at 0x7e3b52037920>, <snowplow_tracker.self_describing_json.SelfDescribingJson object at 0x7e3b520376b0>]}
[0m17:48:50.716816 [debug] [MainThread]: Flushing usage events
[0m17:48:51.087395 [debug] [MainThread]: An error was encountered while trying to flush usage events
[0m17:51:41.304944 [debug] [MainThread]: Sending event: {'category': 'dbt', 'action': 'invocation', 'label': 'start', 'context': [<snowplow_tracker.self_describing_json.SelfDescribingJson object at 0x73e3616a3830>, <snowplow_tracker.self_describing_json.SelfDescribingJson object at 0x73e361618ef0>, <snowplow_tracker.self_describing_json.SelfDescribingJson object at 0x73e3610fab40>]}


============================== 17:51:41.308303 | 0213453b-ac73-4ed2-84ac-35725c7d7b65 ==============================
[0m17:51:41.308303 [info ] [MainThread]: Running with dbt=1.9.3
[0m17:51:41.309071 [debug] [MainThread]: running dbt with arguments {'printer_width': '80', 'indirect_selection': 'eager', 'log_cache_events': 'False', 'write_json': 'True', 'partial_parse': 'True', 'cache_selected_only': 'False', 'profiles_dir': '/workspaces/churn-analytics-platform/dbt/churn_analytics_platform', 'debug': 'False', 'fail_fast': 'False', 'log_path': '/workspaces/churn-analytics-platform/dbt/logs', 'warn_error': 'None', 'version_check': 'True', 'use_colors': 'True', 'use_experimental_parser': 'False', 'no_print': 'None', 'quiet': 'False', 'empty': 'None', 'warn_error_options': 'WarnErrorOptions(include=[], exclude=[])', 'introspect': 'True', 'static_parser': 'True', 'log_format': 'default', 'target_path': 'None', 'invocation_command': 'dbt clean', 'send_anonymous_usage_stats': 'True'}
[0m17:51:41.426127 [debug] [MainThread]: Sending event: {'category': 'dbt', 'action': 'project_id', 'label': '0213453b-ac73-4ed2-84ac-35725c7d7b65', 'context': [<snowplow_tracker.self_describing_json.SelfDescribingJson object at 0x73e362849f40>]}
[0m17:51:41.442003 [debug] [MainThread]: Resource report: {"command_name": "clean", "command_success": true, "command_wall_clock_time": 0.1928184, "process_in_blocks": "8", "process_kernel_time": 0.20759, "process_mem_max_rss": "96112", "process_out_blocks": "8", "process_user_time": 1.489061}
[0m17:51:41.442850 [debug] [MainThread]: Command `dbt clean` succeeded at 17:51:41.442692 after 0.19 seconds
[0m17:51:41.443397 [debug] [MainThread]: Sending event: {'category': 'dbt', 'action': 'invocation', 'label': 'end', 'context': [<snowplow_tracker.self_describing_json.SelfDescribingJson object at 0x73e36486fb30>, <snowplow_tracker.self_describing_json.SelfDescribingJson object at 0x73e361840a10>, <snowplow_tracker.self_describing_json.SelfDescribingJson object at 0x73e361155160>]}
[0m17:51:41.443998 [debug] [MainThread]: Flushing usage events
[0m17:51:41.839205 [debug] [MainThread]: An error was encountered while trying to flush usage events
[0m17:51:43.530573 [debug] [MainThread]: Sending event: {'category': 'dbt', 'action': 'invocation', 'label': 'start', 'context': [<snowplow_tracker.self_describing_json.SelfDescribingJson object at 0x7772ada12ea0>, <snowplow_tracker.self_describing_json.SelfDescribingJson object at 0x7772ac635b20>, <snowplow_tracker.self_describing_json.SelfDescribingJson object at 0x7772ac635c40>]}


============================== 17:51:43.533683 | 0fa8a7ec-2d61-4ea4-90c1-11c0194d737b ==============================
[0m17:51:43.533683 [info ] [MainThread]: Running with dbt=1.9.3
[0m17:51:43.534494 [debug] [MainThread]: running dbt with arguments {'printer_width': '80', 'indirect_selection': 'eager', 'log_cache_events': 'False', 'write_json': 'True', 'partial_parse': 'True', 'cache_selected_only': 'False', 'warn_error': 'None', 'fail_fast': 'False', 'debug': 'False', 'log_path': '/workspaces/churn-analytics-platform/dbt/logs', 'profiles_dir': '/workspaces/churn-analytics-platform/dbt/churn_analytics_platform', 'version_check': 'True', 'use_colors': 'True', 'use_experimental_parser': 'False', 'no_print': 'None', 'quiet': 'False', 'empty': 'None', 'log_format': 'default', 'introspect': 'True', 'invocation_command': 'dbt deps', 'static_parser': 'True', 'target_path': 'None', 'warn_error_options': 'WarnErrorOptions(include=[], exclude=[])', 'send_anonymous_usage_stats': 'True'}
[0m17:51:43.652688 [debug] [MainThread]: Sending event: {'category': 'dbt', 'action': 'project_id', 'label': '0fa8a7ec-2d61-4ea4-90c1-11c0194d737b', 'context': [<snowplow_tracker.self_describing_json.SelfDescribingJson object at 0x7772abdf5df0>]}
[0m17:51:43.830995 [info ] [MainThread]: Warning: No packages were found in packages.yml
[0m17:51:43.832019 [info ] [MainThread]: Warning: No packages were found in packages.yml
[0m17:51:43.833190 [debug] [MainThread]: Resource report: {"command_name": "deps", "command_success": true, "command_wall_clock_time": 0.3579845, "process_in_blocks": "176", "process_kernel_time": 0.180868, "process_mem_max_rss": "96184", "process_out_blocks": "0", "process_user_time": 1.486918}
[0m17:51:43.833796 [debug] [MainThread]: Command `dbt deps` succeeded at 17:51:43.833650 after 0.36 seconds
[0m17:51:43.834292 [debug] [MainThread]: Sending event: {'category': 'dbt', 'action': 'invocation', 'label': 'end', 'context': [<snowplow_tracker.self_describing_json.SelfDescribingJson object at 0x7772ada12ea0>, <snowplow_tracker.self_describing_json.SelfDescribingJson object at 0x7772abbf6300>, <snowplow_tracker.self_describing_json.SelfDescribingJson object at 0x7772aba1b110>]}
[0m17:51:43.834810 [debug] [MainThread]: Flushing usage events
[0m17:51:44.192458 [debug] [MainThread]: An error was encountered while trying to flush usage events
[0m17:51:45.882037 [debug] [MainThread]: Sending event: {'category': 'dbt', 'action': 'invocation', 'label': 'start', 'context': [<snowplow_tracker.self_describing_json.SelfDescribingJson object at 0x782c5bc3eab0>, <snowplow_tracker.self_describing_json.SelfDescribingJson object at 0x782c5bd0b6b0>, <snowplow_tracker.self_describing_json.SelfDescribingJson object at 0x782c5cfb1220>]}


============================== 17:51:45.885325 | 297b345f-e9cf-4ebd-938f-c92dd2bf48bd ==============================
[0m17:51:45.885325 [info ] [MainThread]: Running with dbt=1.9.3
[0m17:51:45.886002 [debug] [MainThread]: running dbt with arguments {'printer_width': '80', 'indirect_selection': 'eager', 'log_cache_events': 'False', 'write_json': 'True', 'partial_parse': 'True', 'cache_selected_only': 'False', 'profiles_dir': '/workspaces/churn-analytics-platform/dbt/churn_analytics_platform', 'fail_fast': 'False', 'warn_error': 'None', 'log_path': '/workspaces/churn-analytics-platform/dbt/logs', 'version_check': 'True', 'debug': 'False', 'use_colors': 'True', 'use_experimental_parser': 'False', 'empty': 'None', 'quiet': 'False', 'no_print': 'None', 'warn_error_options': 'WarnErrorOptions(include=[], exclude=[])', 'introspect': 'True', 'static_parser': 'True', 'invocation_command': 'dbt debug', 'target_path': 'None', 'log_format': 'default', 'send_anonymous_usage_stats': 'True'}
[0m17:51:45.896202 [info ] [MainThread]: dbt version: 1.9.3
[0m17:51:45.896696 [info ] [MainThread]: python version: 3.12.1
[0m17:51:45.897181 [info ] [MainThread]: python path: /usr/local/python/3.12.1/bin/python3
[0m17:51:45.897625 [info ] [MainThread]: os info: Linux-6.8.0-1030-azure-x86_64-with-glibc2.39
[0m17:51:46.006601 [info ] [MainThread]: Using profiles dir at /workspaces/churn-analytics-platform/dbt/churn_analytics_platform
[0m17:51:46.007425 [info ] [MainThread]: Using profiles.yml file at /workspaces/churn-analytics-platform/dbt/churn_analytics_platform/profiles.yml
[0m17:51:46.008038 [info ] [MainThread]: Using dbt_project.yml file at /workspaces/churn-analytics-platform/dbt/dbt_project.yml
[0m17:51:46.011365 [info ] [MainThread]: adapter type: duckdb
[0m17:51:46.011882 [info ] [MainThread]: adapter version: 1.9.2
[0m17:51:46.111613 [info ] [MainThread]: Configuration:
[0m17:51:46.112146 [info ] [MainThread]:   profiles.yml file [[32mOK found and valid[0m]
[0m17:51:46.112632 [info ] [MainThread]:   dbt_project.yml file [[32mOK found and valid[0m]
[0m17:51:46.113124 [info ] [MainThread]: Required dependencies:
[0m17:51:46.113623 [debug] [MainThread]: Executing "git --help"
[0m17:51:46.115901 [debug] [MainThread]: STDOUT: "b"usage: git [-v | --version] [-h | --help] [-C <path>] [-c <name>=<value>]\n           [--exec-path[=<path>]] [--html-path] [--man-path] [--info-path]\n           [-p | --paginate | -P | --no-pager] [--no-replace-objects] [--no-lazy-fetch]\n           [--no-optional-locks] [--no-advice] [--bare] [--git-dir=<path>]\n           [--work-tree=<path>] [--namespace=<name>] [--config-env=<name>=<envvar>]\n           <command> [<args>]\n\nThese are common Git commands used in various situations:\n\nstart a working area (see also: git help tutorial)\n   clone      Clone a repository into a new directory\n   init       Create an empty Git repository or reinitialize an existing one\n\nwork on the current change (see also: git help everyday)\n   add        Add file contents to the index\n   mv         Move or rename a file, a directory, or a symlink\n   restore    Restore working tree files\n   rm         Remove files from the working tree and from the index\n\nexamine the history and state (see also: git help revisions)\n   bisect     Use binary search to find the commit that introduced a bug\n   diff       Show changes between commits, commit and working tree, etc\n   grep       Print lines matching a pattern\n   log        Show commit logs\n   show       Show various types of objects\n   status     Show the working tree status\n\ngrow, mark and tweak your common history\n   backfill   Download missing objects in a partial clone\n   branch     List, create, or delete branches\n   commit     Record changes to the repository\n   merge      Join two or more development histories together\n   rebase     Reapply commits on top of another base tip\n   reset      Reset current HEAD to the specified state\n   switch     Switch branches\n   tag        Create, list, delete or verify a tag object signed with GPG\n\ncollaborate (see also: git help workflows)\n   fetch      Download objects and refs from another repository\n   pull       Fetch from and integrate with another repository or a local branch\n   push       Update remote refs along with associated objects\n\n'git help -a' and 'git help -g' list available subcommands and some\nconcept guides. See 'git help <command>' or 'git help <concept>'\nto read about a specific subcommand or concept.\nSee 'git help git' for an overview of the system.\n""
[0m17:51:46.116398 [debug] [MainThread]: STDERR: "b''"
[0m17:51:46.116845 [info ] [MainThread]:  - git [[32mOK found[0m]

[0m17:51:46.117321 [info ] [MainThread]: Connection:
[0m17:51:46.117819 [info ] [MainThread]:   database: churn_warehouse
[0m17:51:46.118291 [info ] [MainThread]:   schema: staging
[0m17:51:46.118985 [info ] [MainThread]:   path: /workspaces/churn-analytics-platform/duckdb/churn_warehouse.duckdb
[0m17:51:46.119651 [info ] [MainThread]:   config_options: None
[0m17:51:46.120244 [info ] [MainThread]:   extensions: None
[0m17:51:46.120712 [info ] [MainThread]:   settings: {}
[0m17:51:46.121207 [info ] [MainThread]:   external_root: .
[0m17:51:46.121661 [info ] [MainThread]:   use_credential_provider: None
[0m17:51:46.122138 [info ] [MainThread]:   attach: None
[0m17:51:46.122591 [info ] [MainThread]:   filesystems: None
[0m17:51:46.123055 [info ] [MainThread]:   remote: None
[0m17:51:46.123670 [info ] [MainThread]:   plugins: None
[0m17:51:46.124415 [info ] [MainThread]:   disable_transactions: False
[0m17:51:46.125177 [info ] [MainThread]: Registered adapter: duckdb=1.9.2
[0m17:51:46.220017 [debug] [MainThread]: Acquiring new duckdb connection 'debug'
[0m17:51:46.246211 [debug] [MainThread]: Using duckdb connection "debug"
[0m17:51:46.246672 [debug] [MainThread]: On debug: select 1 as id
[0m17:51:46.247102 [debug] [MainThread]: Opening a new connection, currently in state init
[0m17:51:46.257278 [debug] [MainThread]: SQL status: OK in 0.010 seconds
[0m17:51:46.258278 [debug] [MainThread]: On debug: Close
[0m17:51:46.258805 [info ] [MainThread]:   Connection test: [[32mOK connection ok[0m]

[0m17:51:46.259261 [info ] [MainThread]: [32mAll checks passed![0m
[0m17:51:46.260220 [debug] [MainThread]: Resource report: {"command_name": "debug", "command_success": true, "command_wall_clock_time": 0.43372023, "process_in_blocks": "0", "process_kernel_time": 0.255597, "process_mem_max_rss": "135948", "process_out_blocks": "16", "process_user_time": 1.654392}
[0m17:51:46.260770 [debug] [MainThread]: Command `dbt debug` succeeded at 17:51:46.260650 after 0.43 seconds
[0m17:51:46.261193 [debug] [MainThread]: Connection 'debug' was properly closed.
[0m17:51:46.261628 [debug] [MainThread]: Sending event: {'category': 'dbt', 'action': 'invocation', 'label': 'end', 'context': [<snowplow_tracker.self_describing_json.SelfDescribingJson object at 0x782c5d6243b0>, <snowplow_tracker.self_describing_json.SelfDescribingJson object at 0x782c5cfb1220>, <snowplow_tracker.self_describing_json.SelfDescribingJson object at 0x782c5bb27380>]}
[0m17:51:46.262137 [debug] [MainThread]: Flushing usage events
[0m17:51:46.605471 [debug] [MainThread]: An error was encountered while trying to flush usage events
[0m17:51:48.341147 [debug] [MainThread]: Sending event: {'category': 'dbt', 'action': 'invocation', 'label': 'start', 'context': [<snowplow_tracker.self_describing_json.SelfDescribingJson object at 0x7b5391fead20>, <snowplow_tracker.self_describing_json.SelfDescribingJson object at 0x7b5390ca9f70>, <snowplow_tracker.self_describing_json.SelfDescribingJson object at 0x7b539055c230>]}


============================== 17:51:48.344248 | 97298051-4385-4022-9bb7-a50c8bf40ca7 ==============================
[0m17:51:48.344248 [info ] [MainThread]: Running with dbt=1.9.3
[0m17:51:48.344915 [debug] [MainThread]: running dbt with arguments {'printer_width': '80', 'indirect_selection': 'eager', 'write_json': 'True', 'log_cache_events': 'False', 'partial_parse': 'True', 'cache_selected_only': 'False', 'warn_error': 'None', 'fail_fast': 'False', 'version_check': 'True', 'log_path': '/workspaces/churn-analytics-platform/dbt/logs', 'debug': 'False', 'profiles_dir': '/workspaces/churn-analytics-platform/dbt/churn_analytics_platform', 'use_colors': 'True', 'use_experimental_parser': 'False', 'empty': 'False', 'quiet': 'False', 'no_print': 'None', 'log_format': 'default', 'static_parser': 'True', 'introspect': 'True', 'invocation_command': 'dbt run --select staging', 'target_path': 'None', 'warn_error_options': 'WarnErrorOptions(include=[], exclude=[])', 'send_anonymous_usage_stats': 'True'}
[0m17:51:48.552960 [debug] [MainThread]: Sending event: {'category': 'dbt', 'action': 'project_id', 'label': '97298051-4385-4022-9bb7-a50c8bf40ca7', 'context': [<snowplow_tracker.self_describing_json.SelfDescribingJson object at 0x7b5390b998b0>]}
[0m17:51:48.616238 [debug] [MainThread]: Sending event: {'category': 'dbt', 'action': 'adapter_info', 'label': '97298051-4385-4022-9bb7-a50c8bf40ca7', 'context': [<snowplow_tracker.self_describing_json.SelfDescribingJson object at 0x7b53900f47d0>]}
[0m17:51:48.619416 [info ] [MainThread]: Registered adapter: duckdb=1.9.2
[0m17:51:48.719070 [debug] [MainThread]: checksum: 5671c00892cdbcef29c3b00cc5ba7510c3d18a35c883caeb9ab9ee266dc29c8f, vars: {}, profile: , target: , version: 1.9.3
[0m17:51:48.719898 [info ] [MainThread]: Unable to do partial parsing because saved manifest not found. Starting full parse.
[0m17:51:48.720534 [debug] [MainThread]: Sending event: {'category': 'dbt', 'action': 'partial_parser', 'label': '97298051-4385-4022-9bb7-a50c8bf40ca7', 'context': [<snowplow_tracker.self_describing_json.SelfDescribingJson object at 0x7b5390005010>]}
[0m17:51:49.435496 [warn ] [MainThread]: [[33mWARNING[0m]: Configuration paths exist in your dbt_project.yml file which do not apply to any resources.
There are 3 unused configuration paths:
- models.churn_analytics_platform.staging
- models.churn_analytics_platform.intermediate
- models.churn_analytics_platform.marts
[0m17:51:49.440322 [debug] [MainThread]: Sending event: {'category': 'dbt', 'action': 'load_project', 'label': '97298051-4385-4022-9bb7-a50c8bf40ca7', 'context': [<snowplow_tracker.self_describing_json.SelfDescribingJson object at 0x7b538bf2c0b0>]}
[0m17:51:49.476359 [debug] [MainThread]: Wrote artifact WritableManifest to /workspaces/churn-analytics-platform/dbt/target/manifest.json
[0m17:51:49.477747 [debug] [MainThread]: Wrote artifact SemanticManifest to /workspaces/churn-analytics-platform/dbt/target/semantic_manifest.json
[0m17:51:49.487788 [debug] [MainThread]: Sending event: {'category': 'dbt', 'action': 'resource_counts', 'label': '97298051-4385-4022-9bb7-a50c8bf40ca7', 'context': [<snowplow_tracker.self_describing_json.SelfDescribingJson object at 0x7b538be75130>]}
[0m17:51:49.488319 [info ] [MainThread]: Found 426 macros
[0m17:51:49.488817 [debug] [MainThread]: Sending event: {'category': 'dbt', 'action': 'runnable_timing', 'label': '97298051-4385-4022-9bb7-a50c8bf40ca7', 'context': [<snowplow_tracker.self_describing_json.SelfDescribingJson object at 0x7b538bfd2f00>]}
[0m17:51:49.489437 [warn ] [MainThread]: The selection criterion 'staging' does not match any enabled nodes
[0m17:51:49.490804 [warn ] [MainThread]: Nothing to do. Try checking your model configs and model specification args
[0m17:51:49.491462 [debug] [MainThread]: Command end result
[0m17:51:49.507371 [debug] [MainThread]: Wrote artifact WritableManifest to /workspaces/churn-analytics-platform/dbt/target/manifest.json
[0m17:51:49.508684 [debug] [MainThread]: Wrote artifact SemanticManifest to /workspaces/churn-analytics-platform/dbt/target/semantic_manifest.json
[0m17:51:49.511664 [debug] [MainThread]: Wrote artifact RunExecutionResult to /workspaces/churn-analytics-platform/dbt/target/run_results.json
[0m17:51:49.513139 [debug] [MainThread]: Resource report: {"command_name": "run", "command_success": true, "command_wall_clock_time": 1.2269902, "process_in_blocks": "0", "process_kernel_time": 0.246733, "process_mem_max_rss": "120364", "process_out_blocks": "2512", "process_user_time": 2.485315}
[0m17:51:49.513694 [debug] [MainThread]: Command `dbt run` succeeded at 17:51:49.513591 after 1.23 seconds
[0m17:51:49.514187 [debug] [MainThread]: Sending event: {'category': 'dbt', 'action': 'invocation', 'label': 'end', 'context': [<snowplow_tracker.self_describing_json.SelfDescribingJson object at 0x7b53901b0bf0>, <snowplow_tracker.self_describing_json.SelfDescribingJson object at 0x7b53901b2060>, <snowplow_tracker.self_describing_json.SelfDescribingJson object at 0x7b538bf060f0>]}
[0m17:51:49.514634 [debug] [MainThread]: Flushing usage events
[0m17:51:49.880711 [debug] [MainThread]: An error was encountered while trying to flush usage events
